<?xml version="1.0" encoding="UTF-8"?>
<!-- Generated by org.testng.reporters.JUnitReportReporter -->
<testsuite hostname="DESKTOP-D355SUJ" failures="0" tests="4" name="MainDemo" time="41.072" errors="0" timestamp="2023-05-13T11:12:46 BDT" skipped="0">
  <testcase classname="MainDemo" name="runOnCrome" time="11.675"/>
  <system-out/>
  <testcase classname="MainDemo" name="runOnCrome1" time="9.259"/>
  <system-out/>
  <testcase classname="MainDemo" name="runOnCrome3" time="12.561"/>
  <system-out/>
  <testcase classname="MainDemo" name="runOnCrome2" time="7.577"/>
  <system-out/>
</testsuite> <!-- MainDemo -->
