<?xml version="1.0" encoding="UTF-8"?>
<!-- Generated by org.testng.reporters.JUnitReportReporter -->
<testsuite hostname="DESKTOP-D355SUJ" failures="0" tests="4" name="MainDemo2" time="71.901" errors="0" timestamp="2023-05-26T12:35:44 BDT" skipped="0">
  <testcase classname="MainDemo2" name="runOnCrome" time="34.368"/>
  <system-out/>
  <testcase classname="MainDemo2" name="runOnCrome" time="14.629"/>
  <system-out/>
  <testcase classname="MainDemo2" name="runOnCrome" time="12.167"/>
  <system-out/>
  <testcase classname="MainDemo2" name="runOnCrome" time="10.737"/>
  <system-out/>
</testsuite> <!-- MainDemo2 -->
