<?xml version="1.0" encoding="UTF-8"?>
<!-- Generated by org.testng.reporters.JUnitReportReporter -->
<testsuite hostname="DESKTOP-D355SUJ" failures="0" tests="4" name="MainDemo2" time="86.183" errors="0" timestamp="2023-05-13T12:01:43 BDT" skipped="0">
  <testcase classname="MainDemo2" name="runOnCrome" time="29.470"/>
  <system-out/>
  <testcase classname="MainDemo2" name="runOnCrome" time="18.840"/>
  <system-out/>
  <testcase classname="MainDemo2" name="runOnCrome" time="25.023"/>
  <system-out/>
  <testcase classname="MainDemo2" name="runOnCrome" time="12.850"/>
  <system-out/>
</testsuite> <!-- MainDemo2 -->
